# JRE version: Java(TM) SE Runtime Environment (25.0.1+8) (build 25.0.1+8-LTS-27)
# Java VM: Java HotSpot(TM) 64-Bit Server VM (25.0.1+8-LTS-27, mixed mode, sharing, tiered, compressed oops, compressed class ptrs, g1 gc, windows-amd64)
GC Precious Log:
 CardTable entry size: 512
 Card Set container configuration: InlinePtr #cards 4 size 8 Array Of Cards #cards 16 size 48 Howl #buckets 8 coarsen threshold 3686 Howl Bitmap #cards 512 size 80 coarsen threshold 460 Card regions per heap region 1 cards per card region 4096
 CPUs: 20 total, 20 available
 Memory: 16002M
 Large Page Support: Disabled
 NUMA Support: Disabled
 Compressed Oops: Enabled (Zero based)
 Heap Region Size: 2M
 Heap Min Capacity: 8M
 Heap Initial Capacity: 252M
 Heap Max Capacity: 4002M
 Pre-touch: Disabled
 Parallel Workers: 15
 Concurrent Workers: 4
 Concurrent Refinement Workers: 15
 Periodic GC: Disabled
Heap:
 garbage-first heap   total reserved 4098048K, committed 116736K, used 82741K [0x0000000705e00000, 0x0000000800000000)
  region size 2048K, 9 young (18432K), 1 survivors (2048K)
GC Heap Usage History (20 events):
Event: 3.689 {heap Before GC invocations=3 (full 0):
 garbage-first heap   total reserved 4098048K, committed 61440K, used 58642K [0x0000000705e00000, 0x0000000800000000)
  region size 2048K, 29 young (59392K), 8 survivors (16384K)
}
Event: 3.699 {heap After GC invocations=4 (full 0):
 garbage-first heap   total reserved 4098048K, committed 81920K, used 19613K [0x0000000705e00000, 0x0000000800000000)
  region size 2048K, 7 young (14336K), 7 survivors (14336K)
}
Event: 3.999 {heap Before GC invocations=4 (full 0):
 garbage-first heap   total reserved 4098048K, committed 81920K, used 54429K [0x0000000705e00000, 0x0000000800000000)
  region size 2048K, 24 young (49152K), 7 survivors (14336K)
}
Event: 4.011 {heap After GC invocations=5 (full 0):
 garbage-first heap   total reserved 4098048K, committed 81920K, used 20589K [0x0000000705e00000, 0x0000000800000000)
  region size 2048K, 2 young (4096K), 2 survivors (4096K)
}
Event: 4.431 {heap Before GC invocations=5 (full 0):
 garbage-first heap   total reserved 4098048K, committed 81920K, used 63597K [0x0000000705e00000, 0x0000000800000000)
  region size 2048K, 21 young (43008K), 2 survivors (4096K)
}
Event: 4.436 {heap After GC invocations=6 (full 0):
 garbage-first heap   total reserved 4098048K, committed 81920K, used 27090K [0x0000000705e00000, 0x0000000800000000)
  region size 2048K, 3 young (6144K), 3 survivors (6144K)
}
Event: 4.762 {heap Before GC invocations=6 (full 0):
 garbage-first heap   total reserved 4098048K, committed 81920K, used 66002K [0x0000000705e00000, 0x0000000800000000)
  region size 2048K, 20 young (40960K), 3 survivors (6144K)
}
Event: 4.774 {heap After GC invocations=7 (full 0):
 garbage-first heap   total reserved 4098048K, committed 83968K, used 42241K [0x0000000705e00000, 0x0000000800000000)
  region size 2048K, 3 young (6144K), 3 survivors (6144K)
}
Event: 5.033 {heap Before GC invocations=7 (full 0):
 garbage-first heap   total reserved 4098048K, committed 83968K, used 66817K [0x0000000705e00000, 0x0000000800000000)
  region size 2048K, 15 young (30720K), 3 survivors (6144K)
}
Event: 5.044 {heap After GC invocations=8 (full 0):
 garbage-first heap   total reserved 4098048K, committed 83968K, used 47104K [0x0000000705e00000, 0x0000000800000000)
  region size 2048K, 2 young (4096K), 2 survivors (4096K)
}
Event: 5.189 {heap Before GC invocations=8 (full 0):
 garbage-first heap   total reserved 4098048K, committed 83968K, used 59392K [0x0000000705e00000, 0x0000000800000000)
  region size 2048K, 9 young (18432K), 2 survivors (4096K)
}
Event: 5.193 {heap After GC invocations=9 (full 0):
 garbage-first heap   total reserved 4098048K, committed 106496K, used 48532K [0x0000000705e00000, 0x0000000800000000)
  region size 2048K, 1 young (2048K), 1 survivors (2048K)
}
Event: 5.764 {heap Before GC invocations=10 (full 0):
 garbage-first heap   total reserved 4098048K, committed 106496K, used 83348K [0x0000000705e00000, 0x0000000800000000)
  region size 2048K, 19 young (38912K), 1 survivors (2048K)
}
Event: 5.768 {heap After GC invocations=11 (full 0):
 garbage-first heap   total reserved 4098048K, committed 106496K, used 49401K [0x0000000705e00000, 0x0000000800000000)
  region size 2048K, 1 young (2048K), 1 survivors (2048K)
}
Event: 5.923 {heap Before GC invocations=11 (full 0):
 garbage-first heap   total reserved 4098048K, committed 106496K, used 90361K [0x0000000705e00000, 0x0000000800000000)
  region size 2048K, 20 young (40960K), 1 survivors (2048K)
}
Event: 5.935 {heap After GC invocations=12 (full 0):
 garbage-first heap   total reserved 4098048K, committed 112640K, used 68788K [0x0000000705e00000, 0x0000000800000000)
  region size 2048K, 3 young (6144K), 3 survivors (6144K)
}
Event: 6.164 {heap Before GC invocations=12 (full 0):
 garbage-first heap   total reserved 4098048K, committed 112640K, used 93364K [0x0000000705e00000, 0x0000000800000000)
  region size 2048K, 15 young (30720K), 3 survivors (6144K)
}
Event: 6.170 {heap After GC invocations=13 (full 0):
 garbage-first heap   total reserved 4098048K, committed 112640K, used 72637K [0x0000000705e00000, 0x0000000800000000)
  region size 2048K, 2 young (4096K), 2 survivors (4096K)
}
Event: 6.964 {heap Before GC invocations=14 (full 0):
 garbage-first heap   total reserved 4098048K, committed 116736K, used 91069K [0x0000000705e00000, 0x0000000800000000)
  region size 2048K, 14 young (28672K), 2 survivors (4096K)
}
Event: 6.967 {heap After GC invocations=15 (full 0):
 garbage-first heap   total reserved 4098048K, committed 116736K, used 68405K [0x0000000705e00000, 0x0000000800000000)
  region size 2048K, 1 young (2048K), 1 survivors (2048K)
}

